<?xml version="1.0" encoding="UTF-8"?>
<!-- Generated by org.testng.reporters.JUnitReportReporter -->
<testsuite hostname="IP-C0A8D66D" name="fitnessTesting" tests="1" failures="0" timestamp="24 Feb 2019 14:07:23 GMT" time="3.139" errors="0">
  <testcase name="login" time="3.139" classname="fitnessTesting"/>
</testsuite> <!-- fitnessTesting -->
